Started by GitLab push by ì´ì§€ì€
[8mha:////4EHwQ8sB1myzlPb17ed//TRVJfdqnsJ83HKItYxZ1o3LAAAAoh+LCAAAAAAAAP9tjTEOwjAQBM8BClpKHuFItIiK1krDC0x8GCfWnbEdkooX8TX+gCESFVvtrLSa5wtWKcKBo5UdUu8otU4GP9jS5Mixv3geZcdn2TIl9igbHBs2eJyx4YwwR1SwULBGaj0nRzbDRnX6rmuvydanHMu2V1A5c4MHCFXMWcf8hSnC9jqYxPTz/BXAFEIGsfuclm8zQVqFvQAAAA==[0m[Pipeline] Start of Pipeline
[8mha:////4D8IMZVfBecsbdpdJU7G4pl3Ex4Tm46Lmd+WfVZtzBi2AAAApR+LCAAAAAAAAP9tjTEOwjAUQ3+KOrAycohUghExsUZZOEFIQkgb/d8mKe3EibgadyBQiQlLlmxL1nu+oE4RjhQdby12HpP2vA+jK4lPFLtroIm3dOGaMFGwXNpJkrGnpUrKFhaxClYC1hZ1oOTRZdiIVt1VExS65pxj2Q4CKm8GeAAThZxVzN8yR9jeRpMIf5y/AJj7DGxXvP/86jduZBmjwAAAAA==[0m[Pipeline] stage
[8mha:////4JC5rCEDcun+jSYTD+ly9aVjUIBVmBWk8MtRE5S52si9AAAApR+LCAAAAAAAAP9tjTEOwjAUQ3+KOrAycoh0gA0xsUZZOEFIQkgb/d8mKe3EibgadyBQiQlLlmxL1nu+oE4RjhQdby12HpP2vA+jK4lPFLtroIm3dOGaMFGwXNpJkrGnpUrKFhaxClYC1hZ1oOTRZdiIVt1VExS65pxj2Q4CKm8GeAAThZxVzN8yR9jeRpMIf5y/AJj7DGxXvP/86jfoP95RwAAAAA==[0m[Pipeline] { (git pull)
[8mha:////4ImMZLGCYmgUjuw9ndn0tdiI15fHzkqahG+lwCbc/CKnAAAApR+LCAAAAAAAAP9tjTEOwjAUQ3+KOrAycoh0gQkxsUZZOEFIQkgb/d8mKe3EibgadyBQiQlLlmxL1nu+oE4RjhQdby12HpP2vA+jK4lPFLtroIm3dOGaMFGwXNpJkrGnpUrKFhaxClYC1hZ1oOTRZdiIVt1VExS65pxj2Q4CKm8GeAAThZxVzN8yR9jeRpMIf5y/AJj7DGxXvP/86jc09154wAAAAA==[0m[Pipeline] node
Running on [8mha:////4KV7QiRrGb7YeIl+n4+090vOh1nSfg4HqpHJaU+fO/i6AAAAoR+LCAAAAAAAAP9b85aBtbiIQTGjNKU4P08vOT+vOD8nVc83PyU1x6OyILUoJzMv2y+/JJUBAhiZGBgqihhk0NSjKDWzXb3RdlLBUSYGJk8GtpzUvPSSDB8G5tKinBIGIZ+sxLJE/ZzEvHT94JKizLx0a6BxUmjGOUNodHsLgAz2EgZR/eT83ILSktQifY2k0sycEt3MPE19AHHxbH3KAAAA[0mJenkins in /var/jenkins_home/workspace/S10P31B107
[8mha:////4ELESQXTlqJL4fa1AZtl6pkuSQJQpyoJB8UNWpxQGpESAAAApR+LCAAAAAAAAP9tjTEOwjAUQ3+KOrAycoh0ggUxsUZZOEFIQkgb/d8mKe3EibgadyBQiQlLlmxL1nu+oE4RjhQdby12HpP2vA+jK4lPFLtroIm3dOGaMFGwXNpJkrGnpUrKFhaxClYC1hZ1oOTRZdiIVt1VExS65pxj2Q4CKm8GeAAThZxVzN8yR9jeRpMIf5y/AJj7DGxXvP/86jek7ggRwAAAAA==[0m[Pipeline] {
[8mha:////4E+1jKg3AHBMXMnsN8phBGnEHEZYMwl+Uvdz3g4tDzFxAAAAoh+LCAAAAAAAAP9tjTEOAiEURD9rLGwtPQTbaWGsbAmNJ0AWEZb8zwLrbuWJvJp3kLiJlZNMMm+a93rDOic4UbLcG+wdZu14DKOti0+U+lugiXu6ck2YKRguzSSpM+cFJRUDS1gDKwEbgzpQdmgLbIVXD9UGhba9lFS/o4DGdQM8gYlqLiqVL8wJdvexy4Q/z18BzLEA29ce4gfg7KmOvAAAAA==[0m[Pipeline] git
The recommended git tool is: NONE
using credential jamsince1994
 > git rev-parse --resolve-git-dir /var/jenkins_home/workspace/S10P31B107/.git # timeout=10
Fetching changes from the remote Git repository
 > git config remote.origin.url https://lab.ssafy.com/s10-final/S10P31B107.git # timeout=10
Fetching upstream changes from https://lab.ssafy.com/s10-final/S10P31B107.git
 > git --version # timeout=10
 > git --version # 'git version 2.39.2'
using GIT_ASKPASS to set credentials 
 > git fetch --tags --force --progress -- https://lab.ssafy.com/s10-final/S10P31B107.git +refs/heads/*:refs/remotes/origin/* # timeout=10
skipping resolution of commit remotes/origin/S10P31B107-135-fe-routes.tsx, since it originates from another repository
 > git rev-parse refs/remotes/origin/dev^{commit} # timeout=10
Checking out Revision 0fea1589726248d205af52ab0d3fd59376b1bf47 (refs/remotes/origin/dev)
 > git config core.sparsecheckout # timeout=10
 > git checkout -f 0fea1589726248d205af52ab0d3fd59376b1bf47 # timeout=10
 > git branch -a -v --no-abbrev # timeout=10
 > git branch -D dev # timeout=10
 > git checkout -b dev 0fea1589726248d205af52ab0d3fd59376b1bf47 # timeout=10
Commit message: "Update frontend/index.html"
 > git rev-list --no-walk 0fea1589726248d205af52ab0d3fd59376b1bf47 # timeout=10
[8mha:////4OxyowUDl8kifHS9rNAxjmCrm1O9vea5I4IXIMWRRdhEAAAAoh+LCAAAAAAAAP9tjTEOAiEURD9rLGwtPQTbGRNjZUtoPAGyiLDkfxZYdytP5NW8g8RNrJxkknnTvNcb1jnBiZLl3mDvMGvHYxhtXXyi1N8CTdzTlWvCTMFwaSZJnTkvKKkYWMIaWAnYGNSBskNbYCu8eqg2KLTtpaT6HQU0rhvgCUxUc1GpfGFOsLuPXSb8ef4KYI6xADvU7j9Dg2gqvAAAAA==[0m[Pipeline] }
[8mha:////4IlQv62KoXC/gaSzETl0MRUNwJlsyLSNsK5WswWjT4jCAAAAoh+LCAAAAAAAAP9tjTEOAiEURD9rLGwtPQRbWRhjZUtoPAGyiLDkfxZYdytP5NW8g8RNrJxkknnTvNcb1jnBiZLl3mDvMGvHYxhtXXyi1N8CTdzTlWvCTMFwaSZJnTkvKKkYWMIaWAnYGNSBskNbYCu8eqg2KLTtpaT6HQU0rhvgCUxUc1GpfGFOsLuPXSb8ef4KYI6xADvU7j9J+wGOvAAAAA==[0m[Pipeline] // node
[8mha:////4Ad/3Tt+60mbxylCYFS/i6dmIY4/DTnNTFugmrQ75qC+AAAAox+LCAAAAAAAAP9tjTEOwjAQBDdBFLSUPMIBiQ5R0VppeIFJjHFi3QX7QlLxIr7GH4iIRMVWO9PM641lijhydKqx1HpKlVdd6N301MCxvQYeVMMXVTElDlaVdii5tqcZSxaLeVmOhcbKUhU4eXKCtW7MwxTBkCvOEid30Mh9fccTmZ7KYqJ8YYzY3Po6Mf06fwMYu06Q77aCbP8BhStF0r0AAAA=[0m[Pipeline] }
[8mha:////4KwMSMuUDeQqnXIWUM7lgul/EsgwIEifHQ/gnuIGWZ1jAAAAoh+LCAAAAAAAAP9tjbEOgjAURS8YB1dHP6KEOBon14bFL6hQa6F5D9uHMPlF/pr/IJHEyTvdc5bzemOdIo4cnWotdZ5S7VUfBjc/NXLsroFH1fJF1UyJg1WVHStu7GnBisViWZZjpbGxVAdOnpxgq1vzMEUw5IqzxNkdNHLf3PFEpueymChfmCJ2t6FJTL/O3wCmvhfkZSnI9h+Wl0FxvQAAAA==[0m[Pipeline] // stage
[8mha:////4I5PG4Iou0WLtsWbea72vdJirkunuqMj6ZVW3cykB4zZAAAApR+LCAAAAAAAAP9tjTEOwjAQBM9BKWgpeYQj0iIqWssNLzCJMU6su2BfSCpexNf4A4ZIVGy1s9Jqni8oU4QDRSc7i73H1Hg5hNHlJieK/SXQJDs6y4YwUbBS20lTa48LamILS0QBKwVri02g5NExbFRn7qYKBl114pi3vYLCtzd4gFDZzCbyF+YI2+vYJsKf568A5oFB1AzFrv4cyzf+j1f0wQAAAA==[0m[Pipeline] stage
[8mha:////4KX2iWmjPumlpmXau+yGNnAC9fdPeiCU+x19F4evpmY3AAAAph+LCAAAAAAAAP9tjTEOwjAUQ3+LOrAycohUwIiYukZZOEFoQkgb/V9+UtqJE3E17kBLJSY8WLYl673eUESGE7ETjcXWY6y96ELvpiQG4vYaaBANXURNGClYoeygyNhqqYqShUVZDisJa4t1oOjRJdjIRj90GTS68px42o4Scm/u8IRMTuSkOX3LyLC99SYS/jh/ATB2CfLdfrbD/Cw+y7kUycIAAAA=[0m[Pipeline] { (Docker build)
[8mha:////4LGDFaYlZDXnehH/HliwFa7focgDM9cBknn8DPun7IKmAAAApx+LCAAAAAAAAP9tjTEOwjAUQ3+LOrAycohUCDbE1DXKwglCE0La6P/yk9JOnIircQdaKjHhwbItWe/1hiIynIidaCy2HmPtRRd6NyUxELfXQINo6CJqwkjBCmUHRcZWS1WULCzKclhJWFusA0WPLsFGNvqhy6DRlefE03aUkHtzhydkciInzelbRobtrTeR8Mf5C4CxS5Dv9rMd5mfxAbNWnxXCAAAA[0m[Pipeline] node
Running on [8mha:////4KV7QiRrGb7YeIl+n4+090vOh1nSfg4HqpHJaU+fO/i6AAAAoR+LCAAAAAAAAP9b85aBtbiIQTGjNKU4P08vOT+vOD8nVc83PyU1x6OyILUoJzMv2y+/JJUBAhiZGBgqihhk0NSjKDWzXb3RdlLBUSYGJk8GtpzUvPSSDB8G5tKinBIGIZ+sxLJE/ZzEvHT94JKizLx0a6BxUmjGOUNodHsLgAz2EgZR/eT83ILSktQifY2k0sycEt3MPE19AHHxbH3KAAAA[0mJenkins in /var/jenkins_home/workspace/S10P31B107
[8mha:////4K5hj263SI/Iz42TltHGkXadplc2SF1mRGrrYWToG7jGAAAApx+LCAAAAAAAAP9tjTEOwjAUQ3+LOrAycohUSDAhpq5RFk4QmhDSRv+Xn5R24kRcjTvQUokJD5ZtyXqvNxSR4UTsRGOx9RhrL7rQuymJgbi9BhpEQxdRE0YKVig7KDK2WqqiZGFRlsNKwtpiHSh6dAk2stEPXQaNrjwnnrajhNybOzwhkxM5aU7fMjJsb72JhD/OXwCMXYJ8t5/tMD+LD5WQ+PfCAAAA[0m[Pipeline] {
[8mha:////4IkA0pjHTH0CM8FZAzslMQZg85AwF0iff8saPlpvPeYPAAAApx+LCAAAAAAAAP9tjTEOwjAUQ3+LOrAycohUDLAgpq5RFk4QmhDSRv+Xn5R24kRcjTvQUokJD5ZtyXqvNxSR4UTsRGOx9RhrL7rQuymJgbi9BhpEQxdRE0YKVig7KDK2WqqiZGFRlsNKwtpiHSh6dAk2stEPXQaNrjwnnrajhNybOzwhkxM5aU7fMjJsb72JhD/OXwCMXYJ8t5/tMD+LD/s94rDCAAAA[0m[Pipeline] script
[8mha:////4Dmf8BmIZJ+5IMdpa1H39rkm/pE1s6jm7ZVCZNTcnFaMAAAApx+LCAAAAAAAAP9tjTEOwjAUQ3+LOrAycohULDAgpq5RFk4QmhDSRv+Xn5R24kRcjTvQUokJD5ZtyXqvNxSR4UTsRGOx9RhrL7rQuymJgbi9BhpEQxdRE0YKVig7KDK2WqqiZGFRlsNKwtpiHSh6dAk2stEPXQaNrjwnnrajhNybOzwhkxM5aU7fMjJsb72JhD/OXwCMXYJ8t5/tMD+LD1+IXOLCAAAA[0m[Pipeline] {
[8mha:////4BGeAPBTNiiZbN7UhJRnGMuBs6CsnBlTFeVFGrDk42VJAAAApB+LCAAAAAAAAP9tjTEOwjAQBC9BFLSUPOIiKpAQVVrLDS8wsTFOrDtjOyQVL+Jr/IFAJCq2WO1sM88XLFOEI0eLraHOUWocBt/baeHAsbt4HrDlMzZMib1BaQbJ2tQzSs4G5hQlLASsDDWekyObYS1adVeVV2SrU47TdxBQOn2DBxRiMmcV8xfGCJtrrxPTz/NXAGPIUG53n9qHNxXfVKy+AAAA[0m[Pipeline] sh
+ docker-compose build frontend-compose backend-compose
#0 building with "default" instance using docker driver

#1 [frontend-compose internal] load build definition from Dockerfile
#1 transferring dockerfile: 327B done
#1 DONE 0.0s

#2 [backend-compose internal] load build definition from Dockerfile
#2 transferring dockerfile: 325B done
#2 DONE 0.0s

#3 [frontend-compose internal] load metadata for docker.io/library/node:20.11.1-alpine
#3 DONE 0.8s

#4 [backend-compose internal] load metadata for docker.io/library/openjdk:17-jdk-slim
#4 DONE 0.8s

#5 [frontend-compose internal] load metadata for docker.io/library/nginx:stable-alpine
#5 DONE 0.8s

#6 [backend-compose internal] load .dockerignore
#6 transferring context: 2B done
#6 DONE 0.0s

#7 [backend-compose runner 1/2] FROM docker.io/library/openjdk:17-jdk-slim@sha256:aaa3b3cb27e3e520b8f116863d0580c438ed55ecfa0bc126b41f68c3f62f9774
#7 DONE 0.0s

#8 [frontend-compose internal] load .dockerignore
#8 transferring context: 2B done
#8 DONE 0.0s

#9 [backend-compose internal] load build context
#9 transferring context: 5.35kB done
#9 DONE 0.0s

#10 [frontend-compose builder 1/6] FROM docker.io/library/node:20.11.1-alpine@sha256:bf77dc26e48ea95fca9d1aceb5acfa69d2e546b765ec2abfb502975f1a2d4def
#10 DONE 0.0s

#11 [frontend-compose runner 1/3] FROM docker.io/library/nginx:stable-alpine@sha256:ca16009a8c25f52193506d4c90c98efbad4b6cbe73372e2a27972f05c5e02f15
#11 DONE 0.0s

#12 [backend-compose builder 3/5] COPY . .
#12 CACHED

#13 [backend-compose builder 2/5] WORKDIR /app
#13 CACHED

#14 [backend-compose builder 4/5] RUN chmod +x ./gradlew
#14 CACHED

#15 [frontend-compose internal] load build context
#15 transferring context: 3.89kB 0.1s done
#15 DONE 0.1s

#16 [frontend-compose builder 2/6] WORKDIR /app
#16 CACHED

#17 [frontend-compose builder 3/6] COPY package.json .
#17 CACHED

#18 [frontend-compose builder 4/6] RUN yarn
#18 CACHED

#19 [frontend-compose builder 5/6] COPY . .
#19 CACHED

#20 [frontend-compose builder 6/6] RUN yarn build
#20 1.323 yarn run v1.22.19
#20 1.396 $ tsc && vite build
#20 ...

#21 [backend-compose builder 5/5] RUN ./gradlew clean build
#21 2.582 Downloading https://services.gradle.org/distributions/gradle-7.2-bin.zip
#21 6.089 ..........10%...........20%...........30%...........40%...........50%..........
#21 ...

#20 [frontend-compose builder 6/6] RUN yarn build
#20 9.685 src/pages/flip/main/index.tsx(2,24): error TS2307: Cannot find module 'react-router-dom' or its corresponding type declarations.
#20 9.690 src/pages/flip/tryon/index.tsx(2,24): error TS2307: Cannot find module 'react-router-dom' or its corresponding type declarations.
#20 9.692 src/pages/mobile/addcloth/index.tsx(2,24): error TS2307: Cannot find module 'react-router-dom' or its corresponding type declarations.
#20 9.694 src/pages/mobile/ask/index.tsx(2,24): error TS2307: Cannot find module 'react-router-dom' or its corresponding type declarations.
#20 9.695 src/pages/mobile/closet/index.tsx(2,24): error TS2307: Cannot find module 'react-router-dom' or its corresponding type declarations.
#20 9.697 src/pages/mobile/main/index.tsx(2,24): error TS2307: Cannot find module 'react-router-dom' or its corresponding type declarations.
#20 9.698 src/pages/mobile/mypage/index.tsx(2,24): error TS2307: Cannot find module 'react-router-dom' or its corresponding type declarations.
#20 9.699 src/pages/mobile/profile/index.tsx(2,24): error TS2307: Cannot find module 'react-router-dom' or its corresponding type declarations.
#20 9.700 src/pages/mobile/signup/index.tsx(2,24): error TS2307: Cannot find module 'react-router-dom' or its corresponding type declarations.
#20 9.702 src/pages/mobile/start/index.tsx(2,24): error TS2307: Cannot find module 'react-router-dom' or its corresponding type declarations.
#20 9.774 error Command failed with exit code 2.
#20 9.777 info Visit https://yarnpkg.com/en/docs/cli/run for documentation about this command.
#20 ERROR: process "/bin/sh -c yarn build" did not complete successfully: exit code: 2

#21 [backend-compose builder 5/5] RUN ./gradlew clean build
#21 6.089 ..........10%...........20%...........30%...........40%...........50%...........60%...........70%...........80%...........90%...........100%
#21 CANCELED
------
 > [frontend-compose builder 6/6] RUN yarn build:
9.692 src/pages/mobile/addcloth/index.tsx(2,24): error TS2307: Cannot find module 'react-router-dom' or its corresponding type declarations.
9.694 src/pages/mobile/ask/index.tsx(2,24): error TS2307: Cannot find module 'react-router-dom' or its corresponding type declarations.
9.695 src/pages/mobile/closet/index.tsx(2,24): error TS2307: Cannot find module 'react-router-dom' or its corresponding type declarations.
9.697 src/pages/mobile/main/index.tsx(2,24): error TS2307: Cannot find module 'react-router-dom' or its corresponding type declarations.
9.698 src/pages/mobile/mypage/index.tsx(2,24): error TS2307: Cannot find module 'react-router-dom' or its corresponding type declarations.
9.699 src/pages/mobile/profile/index.tsx(2,24): error TS2307: Cannot find module 'react-router-dom' or its corresponding type declarations.
9.700 src/pages/mobile/signup/index.tsx(2,24): error TS2307: Cannot find module 'react-router-dom' or its corresponding type declarations.
9.702 src/pages/mobile/start/index.tsx(2,24): error TS2307: Cannot find module 'react-router-dom' or its corresponding type declarations.
9.774 error Command failed with exit code 2.
9.777 info Visit https://yarnpkg.com/en/docs/cli/run for documentation about this command.
------
failed to solve: process "/bin/sh -c yarn build" did not complete successfully: exit code: 2
[8mha:////4MLG1jo3elCIkm6zfzPQsLGRJK+W7GrEjUxuNZlwZ5U8AAAApB+LCAAAAAAAAP9tjTEOwjAQBC9BFLSUPOIiKoQQVVrLDS8wsTFOrDtjOyQVL+Jr/IFAJCq2WO1sM88XLFOEI0eLraHOUWocBt/baeHAsbt4HrDlMzZMib1BaQbJ2tQzSs4G5hQlLASsDDWekyObYS1adVeVV2SrU47TdxBQOn2DBxRiMmcV8xfGCJtrrxPTz/NXAGPIUG53n9qHN1TuT7W+AAAA[0m[Pipeline] mattermostSend
Mattermost Send Pipeline step configured values from global config - connector: true, icon: true, channel: true, color: false[8mha:////4LKl4D6exRuX3QjgTXc5OnNiugG5yeYmoEdiG1/CMWp6AAAApR+LCAAAAAAAAP9tjTEOwjAQBC9BFLSUPOICNBQoFa3lhheYxBgn1l2wHZyKF/E1/oBFJCq2WO1sM683LIOHmr3BTlNvKTQWBzeavDCx76+OE3Z8wYYpsNModZLc6tOMkqOGOUUJCwErTY3jYMlEWItOPVTlFJnqHH3+jgJK297hCYXI5qh8/MLkYXMb28D08/wVwDQMEcr9Ntfu8AGHKGa5vgAAAA==[0m[Pipeline] }
[8mha:////4O075wSCrzeolX7gO6F+DCxNeRlR0S3tazqmZLprnjZKAAAApR+LCAAAAAAAAP9tjTEOwjAQBC9BFLSUPOKiUNAgqrRWGl5gYmOcWHfGdkgqXsTX+AMWkajYYrWzzbzesI4BThwM9poGS7Gz6N1o8sKJw3B1PGHPF+yYIjuNrZ5aVrpZsOWkYUlRwkrARlPnOFoyCbailw9ZOUmmOqeQv6OA0qo7PKEQ2ZxkSF+YA+xuo4pMP89fAczeJyj3da768AG0yz0FvgAAAA==[0m[Pipeline] // script
[8mha:////4HMDMoKA+63nA3t2DHb+OeMon3HqN1lTZB5h/9Yy95loAAAApR+LCAAAAAAAAP9tjTEOwjAQBC9BFLSUPMIRkagQVVorDS8w8WGcWHfGdkgqXsTX+AMWkajYYrWzzbzesI4BThyM6JEGS7GzwrvR5CUmDsPV8SR6voiOKbJD0eLUssZmwZYTwpKihJWEDVLnOFoyCbayVw9VOUWmOqeQv6OE0uo7PKGQ2ZxUSF+YA+xuo45MP89fAczeJyjrOtf+8AGg6KAavgAAAA==[0m[Pipeline] }
[8mha:////4FfmdwasMGsYYB2i3eEu0PIHK4I88DKe2IBoRCuw9i8NAAAApR+LCAAAAAAAAP9tjTsOwjAQRDdBFLSUHGIjPh1KRWu54QQmMcaJtRtsB6fiRFyNO2ARiYopRvOmea83LIOHmr3BTlNvKTQWBzeavDCx76+OE3Z8wYYpsNModZLc6tOMkqOGOUUJCwErTY3jYMlEWItOPVTlFJnqHH3+jgJK297hCYXI5qh8/MLkYXMb28D08/wVwDQMEcrdPtf28AGTC/umvgAAAA==[0m[Pipeline] // node
[8mha:////4FoC5vV2/wKVmvAAW5rpGF1s3Buxj/6Kg+1NfLeLoI1zAAAApR+LCAAAAAAAAP9tjTsOwjAQRDdBFLSUHGIjPh1KRWu54QQmMcaJtRtsB6fiRFyNO2ARiYopRvOmea83LIOHmr3BTlNvKTQWBzeavDCx76+OE3Z8wYYpsNModZLc6tOMkqOGOUUJCwErTY3jYMlEWItOPVTlFJnqHH3+jgJK297hCYXI5qh8/MLkYXMb28D08/wVwDQMEcrdIdd2/wGIrpolvgAAAA==[0m[Pipeline] }
[8mha:////4I4s04o1ghDliCByHh7CDvfDzMJJ4djznRkfV1ODlZyjAAAApR+LCAAAAAAAAP9tjTEOwjAQBC9BFLSUPMIRkagQVVorDS8w8WGcWHfGdkgqXsTX+AMWkajYYrWzzbzesI4BThyM6JEGS7GzwrvR5CUmDsPV8SR6voiOKbJD0eLUssZmwZYTwpKihJWEDVLnOFoyCbayVw9VOUWmOqeQv6OE0uo7PKGQ2ZxUSF+YA+xuo45MP89fAczeJyjrQ659/QG7TcGZvgAAAA==[0m[Pipeline] // stage
[8mha:////4BCn89dpogMoszhArn3ghBpPi/ecAFTEL+vLBwFWgtttAAAAph+LCAAAAAAAAP9tjTEOwjAQBC9BKWgpeYQjpaBBVLSWG15gYmOcWHfBvpBUvIiv8QcMkajYamel1TxfUKUIB4pOdBZ7j6n1Ygijy01MFPtLoEl0dBYtYaJghbKTImOPCypiC0uKElYS1hbbQMmjY9jITt91HTS6+sQxb3sJpTc3eEAhs5l15C/MEbbX0STCn+evAOaBoWgYymb3OVZvddcuXsEAAAA=[0m[Pipeline] stage
[8mha:////4Kyb785ZECT4Qn6F2tvSB+VwS+K+PLSZ1MrC5QWOVIqhAAAAqB+LCAAAAAAAAP9tjTEOwjAUQ3+LOrAycohUYoABMXWNsnCC0ISQNvq//KS0EyfiatyBlkpMeLBsS9Z7vaGIDCdiJxqLrcdYe9GF3k1JDMTtNdAgGrqImjBSsELZQZGx1VIVJQuLshxWEtYW60DRo0uwkY1+6DJodOU58bQdJeTe3OEJmZzISXP6lpFhe+tNJPxx/gJg7BLku/1sh/lZfAAyQCqkwgAAAA==[0m[Pipeline] { (Docker run)
[8mha:////4JfUGwnOtR1Lue2Dmu0O5VYIfrKJ72LfA/lP45jecG0dAAAAqB+LCAAAAAAAAP9tjTEOwjAUQ3+LOrAycohUYgEJMXWNsnCC0ISQNvq//KS0EyfiatyBlkpMeLBsS9Z7vaGIDCdiJxqLrcdYe9GF3k1JDMTtNdAgGrqImjBSsELZQZGx1VIVJQuLshxWEtYW60DRo0uwkY1+6DJodOU58bQdJeTe3OEJmZzISXP6lpFhe+tNJPxx/gJg7BLku/1sh/lZfAAnLfKUwgAAAA==[0m[Pipeline] node
Running on [8mha:////4KV7QiRrGb7YeIl+n4+090vOh1nSfg4HqpHJaU+fO/i6AAAAoR+LCAAAAAAAAP9b85aBtbiIQTGjNKU4P08vOT+vOD8nVc83PyU1x6OyILUoJzMv2y+/JJUBAhiZGBgqihhk0NSjKDWzXb3RdlLBUSYGJk8GtpzUvPSSDB8G5tKinBIGIZ+sxLJE/ZzEvHT94JKizLx0a6BxUmjGOUNodHsLgAz2EgZR/eT83ILSktQifY2k0sycEt3MPE19AHHxbH3KAAAA[0mJenkins in /var/jenkins_home/workspace/S10P31B107@2
[8mha:////4POFvXbsrDa2z8TVENOa8GERA5qZWYeg8Q7uWDSw/GPbAAAApx+LCAAAAAAAAP9tjTEOwjAUQ3+LOrAycohUYgIhpq5RFk4QmhDSRv+Xn5R24kRcjTvQUokJD5ZtyXqvNxSR4UTsRGOx9RhrL7rQuymJgbi9BhpEQxdRE0YKVig7KDK2WqqiZGFRlsNKwtpiHSh6dAk2stEPXQaNrjwnnrajhNybOzwhkxM5aU7fMjJsb72JhD/OXwCMXYJ8t5/tMD+LD0QKVszCAAAA[0m[Pipeline] {
[8mha:////4LsUo5CC2tP/7raOqdti7IziSwlSTS6a8rbd+LS1yPO+AAAAqB+LCAAAAAAAAP9tjTEOwjAUQ3+LOrAycogUwYRQJ9aoCycITQhJo/9LkpJOnIircQcClZjwYNmWrPd8QRU8NOQ1swp7g6EzbHCjzokl8v3FUWKWzqwjDOQUa1VqSarjXFuKCmYVJSw4LBV2joJBHWHFrbiL2gnU9Sn6vB04lEbe4AEFz+QofPyWycP6OspA+OP8BcA0RCi3+2y7zedZvQH4j6CMwgAAAA==[0m[Pipeline] script
[8mha:////4EYVvZtFvoQo8c+CVr3w/j9imPLe+P6hFwMWbo6khtJoAAAAph+LCAAAAAAAAP9tjTEOwjAUQ3+LOrAycogUxIiYukZZOEFoQkgb/V9+UtqJE3E17kBLJSY8WLYl673eUESGE7ETjcXWY6y96ELvpiQG4vYaaBANXURNGClYoeygyNhqqYqShUVZDisJa4t1oOjRJdjIRj90GTS68px42o4Scm/u8IRMTuSkOX3LyLC99SYS/jh/ATB2CfLDbrb9/Cw+ty4Up8IAAAA=[0m[Pipeline] {
[8mha:////4Mukes+DGVhpu2Y1p+qjT2jY3j4YHmxyKuioLgvhgrnrAAAAox+LCAAAAAAAAP9tjTEOwjAQBC9BFLSUPOIioERUaS03vMDExjix7oztkFS8iK/xBwKRqNhitbPNPF+wTBGOHC22hjpHqXEYfG+nhQPH7uJ5wJbP2DAl9galGSRrU88oORuYU5SwELAy1HhOjmyGtWjVXVVeka1OOU7fQUDp9A0eUIjJnFXMXxgjbK69Tkw/z18BjCFDud9+ahfettHKdL4AAAA=[0m[Pipeline] sh
+ docker-compose down frontend-compose backend-compose
[8mha:////4AMcVjmtsjl0NPLW3Me8La3XaixetsqCsOf4xwdaOI0aAAAAox+LCAAAAAAAAP9tjTEOwjAQBC9BFLSUPOIilBJR0VppeIFJjLFj3Tm2g1PxIr7GHwhEomKL1c4283zBOgY4ctBoFfWGYmvQu1HPCzOH/uo4o+ULtkyRncJG5YY7dVqw4aRgSVHCSsBGUes4GtIJtsLKu6ycJF2dU5i/g4DSdAM8oBCzOcmQvjAF2N3GLjL9PH8FMPkEZb3/VO3f9+DRbb4AAAA=[0m[Pipeline] sh
+ docker-compose up -d frontend-compose backend-compose
#0 building with "default" instance using docker driver

#1 [frontend-compose internal] load build definition from Dockerfile
#1 transferring dockerfile: 327B done
#1 DONE 0.0s

#2 [backend-compose internal] load build definition from Dockerfile
#2 transferring dockerfile: 325B done
#2 DONE 0.0s

#3 [backend-compose internal] load metadata for docker.io/library/openjdk:17-jdk-slim
#3 ...

#4 [frontend-compose internal] load metadata for docker.io/library/nginx:stable-alpine
#4 DONE 0.3s

#5 [frontend-compose internal] load metadata for docker.io/library/node:20.11.1-alpine
#5 DONE 0.3s

#6 [frontend-compose internal] load .dockerignore
#6 transferring context: 2B done
#6 DONE 0.0s

#3 [backend-compose internal] load metadata for docker.io/library/openjdk:17-jdk-slim
#3 DONE 0.5s

#7 [frontend-compose builder 1/6] FROM docker.io/library/node:20.11.1-alpine@sha256:bf77dc26e48ea95fca9d1aceb5acfa69d2e546b765ec2abfb502975f1a2d4def
#7 DONE 0.0s

#8 [frontend-compose runner 1/3] FROM docker.io/library/nginx:stable-alpine@sha256:ca16009a8c25f52193506d4c90c98efbad4b6cbe73372e2a27972f05c5e02f15
#8 DONE 0.0s

#9 [frontend-compose internal] load build context
#9 transferring context: 317.42kB 0.0s done
#9 DONE 0.0s

#10 [frontend-compose builder 2/6] WORKDIR /app
#10 CACHED

#11 [frontend-compose builder 3/6] COPY package.json .
#11 CACHED

#12 [frontend-compose builder 4/6] RUN yarn
#12 CACHED

#13 [frontend-compose builder 5/6] COPY . .
#13 CACHED

#14 [backend-compose internal] load .dockerignore
#14 transferring context: 2B done
#14 DONE 0.0s

#15 [frontend-compose builder 6/6] RUN yarn build
#15 ...

#16 [backend-compose builder 1/5] FROM docker.io/library/openjdk:17-jdk-slim@sha256:aaa3b3cb27e3e520b8f116863d0580c438ed55ecfa0bc126b41f68c3f62f9774
#16 DONE 0.0s

#17 [backend-compose internal] load build context
#17 transferring context: 160.82kB 0.1s done
#17 DONE 0.1s

#18 [backend-compose builder 2/5] WORKDIR /app
#18 CACHED

#19 [backend-compose builder 3/5] COPY . .
#19 CACHED

#20 [backend-compose builder 4/5] RUN chmod +x ./gradlew
#20 CACHED

#21 [backend-compose builder 5/5] RUN ./gradlew clean build
#21 0.816 Downloading https://services.gradle.org/distributions/gradle-7.2-bin.zip
#21 5.137 ..........10%...........20%...........30%...........40%...........50%...........60%...........70%..
#21 ...

#15 [frontend-compose builder 6/6] RUN yarn build
#15 1.226 yarn run v1.22.19
#15 1.416 $ tsc && vite build
#15 ...

#21 [backend-compose builder 5/5] RUN ./gradlew clean build
#21 5.137 ..........10%...........20%...........30%...........40%...........50%...........60%...........70%...........80%...........90%...........100%
#21 ...

#15 [frontend-compose builder 6/6] RUN yarn build
#15 15.09 src/pages/flip/main/index.tsx(2,24): error TS2307: Cannot find module 'react-router-dom' or its corresponding type declarations.
#15 15.11 src/pages/flip/tryon/index.tsx(2,24): error TS2307: Cannot find module 'react-router-dom' or its corresponding type declarations.
#15 15.11 src/pages/mobile/addcloth/index.tsx(2,24): error TS2307: Cannot find module 'react-router-dom' or its corresponding type declarations.
#15 15.11 src/pages/mobile/ask/index.tsx(2,24): error TS2307: Cannot find module 'react-router-dom' or its corresponding type declarations.
#15 15.11 src/pages/mobile/closet/index.tsx(2,24): error TS2307: Cannot find module 'react-router-dom' or its corresponding type declarations.
#15 15.11 src/pages/mobile/main/index.tsx(2,24): error TS2307: Cannot find module 'react-router-dom' or its corresponding type declarations.
#15 15.11 src/pages/mobile/mypage/index.tsx(2,24): error TS2307: Cannot find module 'react-router-dom' or its corresponding type declarations.
#15 15.11 src/pages/mobile/profile/index.tsx(2,24): error TS2307: Cannot find module 'react-router-dom' or its corresponding type declarations.
#15 15.11 src/pages/mobile/signup/index.tsx(2,24): error TS2307: Cannot find module 'react-router-dom' or its corresponding type declarations.
#15 15.11 src/pages/mobile/start/index.tsx(2,24): error TS2307: Cannot find module 'react-router-dom' or its corresponding type declarations.
#15 15.24 error Command failed with exit code 2.
#15 15.24 info Visit https://yarnpkg.com/en/docs/cli/run for documentation about this command.
#15 ERROR: process "/bin/sh -c yarn build" did not complete successfully: exit code: 2

#21 [backend-compose builder 5/5] RUN ./gradlew clean build
#21 CANCELED
------
 > [frontend-compose builder 6/6] RUN yarn build:
15.11 src/pages/mobile/addcloth/index.tsx(2,24): error TS2307: Cannot find module 'react-router-dom' or its corresponding type declarations.
15.11 src/pages/mobile/ask/index.tsx(2,24): error TS2307: Cannot find module 'react-router-dom' or its corresponding type declarations.
15.11 src/pages/mobile/closet/index.tsx(2,24): error TS2307: Cannot find module 'react-router-dom' or its corresponding type declarations.
15.11 src/pages/mobile/main/index.tsx(2,24): error TS2307: Cannot find module 'react-router-dom' or its corresponding type declarations.
15.11 src/pages/mobile/mypage/index.tsx(2,24): error TS2307: Cannot find module 'react-router-dom' or its corresponding type declarations.
15.11 src/pages/mobile/profile/index.tsx(2,24): error TS2307: Cannot find module 'react-router-dom' or its corresponding type declarations.
15.11 src/pages/mobile/signup/index.tsx(2,24): error TS2307: Cannot find module 'react-router-dom' or its corresponding type declarations.
15.11 src/pages/mobile/start/index.tsx(2,24): error TS2307: Cannot find module 'react-router-dom' or its corresponding type declarations.
15.24 error Command failed with exit code 2.
15.24 info Visit https://yarnpkg.com/en/docs/cli/run for documentation about this command.
------
failed to solve: process "/bin/sh -c yarn build" did not complete successfully: exit code: 2
[8mha:////4EEOX5Qwfizzr0krf9kqz3zXlrDVtLZesAm8gs6HaVKgAAAApB+LCAAAAAAAAP9tjTEOwjAQBC9BFLSUPOIiBB2iSmu54QUmNsaJdWdsh6TiRXyNPxCIRMUWq51t5vmCZYpw5GixNdQ5So3D4Hs7LRw4dhfPA7Z8xoYpsTcozSBZm3pGydnAnKKEhYCVocZzcmQzrEWr7qryimx1ynH6DgJKp2/wgEJM5qxi/sIYYXPtdWL6ef4KYAwZyt32U/vwBjB2kCK+AAAA[0m[Pipeline] mattermostSend
Mattermost Send Pipeline step configured values from global config - connector: true, icon: true, channel: true, color: false[8mha:////4CHST+6rXMPLZVZZWzjHTmGNtbZjkToA5TdNTgGKE1IRAAAApB+LCAAAAAAAAP9tjTEOwjAQBC9BFLSUPOIihKgQVVrLDS8wsTFOrDtjOyQVL+Jr/IFAJCq2WO1sM88XLFOEI0eLraHOUWocBt/baeHAsbt4HrDlMzZMib1BaQbJ2tQzSs4G5hQlLASsDDWekyObYS1adVeVV2SrU47TdxBQOn2DBxRiMmcV8xfGCJtrrxPTz/NXAGMIGcrd/lPbNzd1iZS+AAAA[0m[Pipeline] }
[8mha:////4OAZLnUqJxTw+/kBKXvPDZVwdg9boIQKx+n0oGLYWgILAAAApR+LCAAAAAAAAP9tjTEOwjAQBC9BFLSUPOKChESDqNJabniBiY1xYt0Z2yGpeBFf4w8EIlGxxWpnm3m+YJkiHDlabA11jlLjMPjeTgsHjt3F84Atn7FhSuwNSjNI1qaeUXI2MKcoYSFgZajxnBzZDGvRqruqvCJbnXKcvoOA0ukbPKAQkzmrmL8wRthce52Yfp6/AhhDyFDu9p/avgEPNxplvgAAAA==[0m[Pipeline] // script
[8mha:////4JIo/lDvkgJ8+k/wqR9mC2CMInGIL6/wNhv4I8kS7MPCAAAAph+LCAAAAAAAAP9tjTEOwjAQBC9BFLSUPOIiQYEQSkVrueEFJjHGiXUXbAen4kV8jT9gEYmKLVY728zrDcvgoWZvsNPUWwqNxcGNJi9M7Pur44QdX7BhCuw0Sp0kt/o0o+SoYU5RwkLASlPjOFgyEdaiUw9VOUWmOkefv6OA0rZ3eEIhsjkqH78wedjcxjYw/Tx/BTANQ4Ryt8+1PXwAT22Bzr4AAAA=[0m[Pipeline] }
[8mha:////4H/jdzPIrZkmnIp3LULWvgsbhh4I3k6iceQ3ZRFvsfcMAAAApR+LCAAAAAAAAP9tjTEOwjAQBC9BFLSUPOIiQRMJUaW10vACExvjxLoztkNS8SK+xh+wiETFFqudbeb1hnUMcOJgsNc0WIqdRe9GkxdOHIar4wl7vmDHFNlpbPXUstLNgi0nDUuKElYCNpo6x9GSSbAVvXzIykky1TmF/B0FlFbd4QmFyOYkQ/rCHGB3G1Vk+nn+CmD2PkF5qHPt6w8M79BIvgAAAA==[0m[Pipeline] // node
[8mha:////4GQkZEP4Hil7joXkS1vYklc0fPA/6GTwlxuYJJbM1XW/AAAAph+LCAAAAAAAAP9tjTEOwjAQBC9BFLSUPOIiQYEQSkVrueEFJjHGiXUXbAen4kV8jT9gEYmKLVY728zrDcvgoWZvsNPUWwqNxcGNJi9M7Pur44QdX7BhCuw0Sp0kt/o0o+SoYU5RwkLASlPjOFgyEdaiUw9VOUWmOkefv6OA0rZ3eEIhsjkqH78wedjcxjYw/Tx/BTANQ4Ryd8i13X8AOCEzE74AAAA=[0m[Pipeline] }
[8mha:////4GdKm+e7NZYvofo+dwtlxL4CA82LOQJr+zPN+T7OV947AAAApR+LCAAAAAAAAP9tjTEOwjAQBC9BFLSUPOKCEKJBqWgtN7zAJMY4se6C7eBUvIiv8QcsIlGxxWpnm3m9YRk81OwNdpp6S6GxOLjR5IWJfX91nLDjCzZMgZ1GqZPkVp9mlBw1zClKWAhYaWocB0smwlp06qEqp8hU5+jzdxRQ2vYOTyhENkfl4xcmD5vb2Aamn+evAKZhiFDut7l2hw/ofpyGvgAAAA==[0m[Pipeline] // stage
[8mha:////4Ptwvt1xJrJ+4k4TYTseRffCPAFesJymYeFn5URIdMzIAAAAox+LCAAAAAAAAP9tjTEOwjAQBDdBFLSUPMIRiA5R0VppeIFJjHFi3QX7QlLxIr7GH4iIRMVWO9PM641lijhydKqx1HpKlVdd6N301MCxvQYeVMMXVTElDlaVdii5tqcZSxaLeVmOhcbKUhU4eXKCtW7MwxTBkCvOEid30Mh9fccTmZ7KYqJ8YYzY3Po6Mf06fwMYu06Q77eCbPcBszaLVr0AAAA=[0m[Pipeline] End of Pipeline
Finished: FAILURE
